[ 2016-06-21T13:38:54+08:00 ] ::1 /ThaiTravel/
INFO: [ app_init ] --START--
INFO: Run Behavior\BuildLiteBehavior [ RunTime:0.000078s ]
INFO: [ app_init ] --END-- [ RunTime:0.015344s ]

[ 2016-06-21T13:38:57+08:00 ] ::1 /ThaiTravel/index.php/Home/User/login
INFO: [ app_init ] --START--
INFO: Run Behavior\BuildLiteBehavior [ RunTime:0.000071s ]
INFO: [ app_init ] --END-- [ RunTime:0.001138s ]

[ 2016-06-21T13:39:06+08:00 ] ::1 /ThaiTravel/index.php/Home/User/login
INFO: [ app_init ] --START--
INFO: Run Behavior\BuildLiteBehavior [ RunTime:0.000035s ]
INFO: [ app_init ] --END-- [ RunTime:0.000562s ]

[ 2016-06-21T13:39:07+08:00 ] ::1 /ThaiTravel/index.php/Home/Index/index.html
INFO: [ app_init ] --START--
INFO: Run Behavior\BuildLiteBehavior [ RunTime:0.000136s ]
INFO: [ app_init ] --END-- [ RunTime:0.002031s ]

[ 2016-06-21T13:39:14+08:00 ] ::1 /ThaiTravel/
INFO: [ app_init ] --START--
INFO: Run Behavior\BuildLiteBehavior [ RunTime:0.000072s ]
INFO: [ app_init ] --END-- [ RunTime:0.001112s ]

[ 2016-06-21T13:39:48+08:00 ] ::1 /ThaiTravel/index.php/Home/Story/storythai
INFO: [ app_init ] --START--
INFO: Run Behavior\BuildLiteBehavior [ RunTime:0.000033s ]
INFO: [ app_init ] --END-- [ RunTime:0.000513s ]

[ 2016-06-21T13:41:43+08:00 ] ::1 /ThaiTravel/index.php/Home/Story/article
INFO: [ app_init ] --START--
INFO: Run Behavior\BuildLiteBehavior [ RunTime:0.000028s ]
INFO: [ app_init ] --END-- [ RunTime:0.000453s ]

[ 2016-06-21T13:41:45+08:00 ] ::1 /ThaiTravel/index.php/Home/Index/index.html
INFO: [ app_init ] --START--
INFO: Run Behavior\BuildLiteBehavior [ RunTime:0.000099s ]
INFO: [ app_init ] --END-- [ RunTime:0.001246s ]

[ 2016-06-21T13:41:47+08:00 ] ::1 /ThaiTravel/index.php/Home/Story/storylist
INFO: [ app_init ] --START--
INFO: Run Behavior\BuildLiteBehavior [ RunTime:0.000043s ]
INFO: [ app_init ] --END-- [ RunTime:0.000635s ]

[ 2016-06-21T13:41:50+08:00 ] ::1 /ThaiTravel/index.php/Home/Story/storyours/id/28
INFO: [ app_init ] --START--
INFO: Run Behavior\BuildLiteBehavior [ RunTime:0.000034s ]
INFO: [ app_init ] --END-- [ RunTime:0.000520s ]

[ 2016-06-21T13:41:59+08:00 ] ::1 /ThaiTravel/index.php/Home/Story/commentadd/youjiid/28
INFO: [ app_init ] --START--
INFO: Run Behavior\BuildLiteBehavior [ RunTime:0.000065s ]
INFO: [ app_init ] --END-- [ RunTime:0.001109s ]

[ 2016-06-21T13:42:00+08:00 ] ::1 /ThaiTravel/index.php/Home/Story/storyours/id/28.html
INFO: [ app_init ] --START--
INFO: Run Behavior\BuildLiteBehavior [ RunTime:0.000079s ]
INFO: [ app_init ] --END-- [ RunTime:0.001703s ]

[ 2016-06-21T13:42:57+08:00 ] ::1 /ThaiTravel/index.php/Home/Index/activity
INFO: [ app_init ] --START--
INFO: Run Behavior\BuildLiteBehavior [ RunTime:0.000038s ]
INFO: [ app_init ] --END-- [ RunTime:0.000537s ]

[ 2016-06-21T13:43:41+08:00 ] ::1 /ThaiTravel/index.php/Home/Index/edit
INFO: [ app_init ] --START--
INFO: Run Behavior\BuildLiteBehavior [ RunTime:0.000035s ]
INFO: [ app_init ] --END-- [ RunTime:0.000518s ]

[ 2016-06-21T13:43:44+08:00 ] ::1 /ThaiTravel/index.php/Home/User/logout
INFO: [ app_init ] --START--
INFO: Run Behavior\BuildLiteBehavior [ RunTime:0.000034s ]
INFO: [ app_init ] --END-- [ RunTime:0.000507s ]

[ 2016-06-21T13:43:44+08:00 ] ::1 /ThaiTravel/index.php/Home/Index/index.html
INFO: [ app_init ] --START--
INFO: Run Behavior\BuildLiteBehavior [ RunTime:0.000031s ]
INFO: [ app_init ] --END-- [ RunTime:0.000457s ]

[ 2016-06-21T13:43:46+08:00 ] ::1 /ThaiTravel/index.php/Home/User/login
INFO: [ app_init ] --START--
INFO: Run Behavior\BuildLiteBehavior [ RunTime:0.000033s ]
INFO: [ app_init ] --END-- [ RunTime:0.000509s ]

[ 2016-06-21T13:43:48+08:00 ] ::1 /ThaiTravel/index.php/Home/User/register
INFO: [ app_init ] --START--
INFO: Run Behavior\BuildLiteBehavior [ RunTime:0.000036s ]
INFO: [ app_init ] --END-- [ RunTime:0.000526s ]

[ 2016-06-21T13:45:25+08:00 ] ::1 /ThaiTravel/index.php/Home/Index/index
INFO: [ app_init ] --START--
INFO: Run Behavior\BuildLiteBehavior [ RunTime:0.000035s ]
INFO: [ app_init ] --END-- [ RunTime:0.000604s ]

[ 2016-06-21T13:46:51+08:00 ] ::1 /ThaiTravel/index.php/Home/User/login
INFO: [ app_init ] --START--
INFO: Run Behavior\BuildLiteBehavior [ RunTime:0.000057s ]
INFO: [ app_init ] --END-- [ RunTime:0.000635s ]

[ 2016-06-21T13:46:58+08:00 ] ::1 /ThaiTravel/index.php/Home/User/register
INFO: [ app_init ] --START--
INFO: Run Behavior\BuildLiteBehavior [ RunTime:0.000052s ]
INFO: [ app_init ] --END-- [ RunTime:0.000688s ]

[ 2016-06-21T13:47:05+08:00 ] ::1 /ThaiTravel/index.php/Home/Destination/desinterest
INFO: [ app_init ] --START--
INFO: Run Behavior\BuildLiteBehavior [ RunTime:0.000034s ]
INFO: [ app_init ] --END-- [ RunTime:0.000514s ]

[ 2016-06-21T13:47:23+08:00 ] ::1 /ThaiTravel/index.php/Home/Index/activity
INFO: [ app_init ] --START--
INFO: Run Behavior\BuildLiteBehavior [ RunTime:0.000070s ]
INFO: [ app_init ] --END-- [ RunTime:0.001112s ]

[ 2016-06-21T13:47:55+08:00 ] ::1 /ThaiTravel/index.php/Home/Story/storylist
INFO: [ app_init ] --START--
INFO: Run Behavior\BuildLiteBehavior [ RunTime:0.000036s ]
INFO: [ app_init ] --END-- [ RunTime:0.000542s ]

[ 2016-06-21T13:47:58+08:00 ] ::1 /ThaiTravel/index.php/Home/Story/storyours/id/1
INFO: [ app_init ] --START--
INFO: Run Behavior\BuildLiteBehavior [ RunTime:0.000045s ]
INFO: [ app_init ] --END-- [ RunTime:0.000519s ]

[ 2016-06-21T13:48:06+08:00 ] ::1 /ThaiTravel/index.php/Home/User/login
INFO: [ app_init ] --START--
INFO: Run Behavior\BuildLiteBehavior [ RunTime:0.000034s ]
INFO: [ app_init ] --END-- [ RunTime:0.000531s ]

[ 2016-06-21T13:48:14+08:00 ] ::1 /ThaiTravel/index.php/Home/User/login
INFO: [ app_init ] --START--
INFO: Run Behavior\BuildLiteBehavior [ RunTime:0.000035s ]
INFO: [ app_init ] --END-- [ RunTime:0.000612s ]

[ 2016-06-21T13:48:15+08:00 ] ::1 /ThaiTravel/index.php/Home/Index/index.html
INFO: [ app_init ] --START--
INFO: Run Behavior\BuildLiteBehavior [ RunTime:0.000058s ]
INFO: [ app_init ] --END-- [ RunTime:0.000721s ]

[ 2016-06-21T13:48:19+08:00 ] ::1 /ThaiTravel/index.php/Home/Story/storythai
INFO: [ app_init ] --START--
INFO: Run Behavior\BuildLiteBehavior [ RunTime:0.000054s ]
INFO: [ app_init ] --END-- [ RunTime:0.000711s ]

[ 2016-06-21T13:48:45+08:00 ] ::1 /ThaiTravel/index.php/Home/Story/article
INFO: [ app_init ] --START--
INFO: Run Behavior\BuildLiteBehavior [ RunTime:0.000037s ]
INFO: [ app_init ] --END-- [ RunTime:0.000536s ]

[ 2016-06-21T13:48:46+08:00 ] ::1 /ThaiTravel/index.php/Home/Index/index.html
INFO: [ app_init ] --START--
INFO: Run Behavior\BuildLiteBehavior [ RunTime:0.000048s ]
INFO: [ app_init ] --END-- [ RunTime:0.000707s ]

[ 2016-06-21T13:48:48+08:00 ] ::1 /ThaiTravel/index.php/Home/Story/storylist
INFO: [ app_init ] --START--
INFO: Run Behavior\BuildLiteBehavior [ RunTime:0.000036s ]
INFO: [ app_init ] --END-- [ RunTime:0.000518s ]

[ 2016-06-21T13:48:50+08:00 ] ::1 /ThaiTravel/index.php/Home/Story/storyours/id/29
INFO: [ app_init ] --START--
INFO: Run Behavior\BuildLiteBehavior [ RunTime:0.000041s ]
INFO: [ app_init ] --END-- [ RunTime:0.000736s ]

[ 2016-06-21T13:49:06+08:00 ] ::1 /ThaiTravel/index.php/Home/Index/activity
INFO: [ app_init ] --START--
INFO: Run Behavior\BuildLiteBehavior [ RunTime:0.000037s ]
INFO: [ app_init ] --END-- [ RunTime:0.000535s ]

[ 2016-06-21T13:49:24+08:00 ] ::1 /ThaiTravel/index.php/Home/Index/index
INFO: [ app_init ] --START--
INFO: Run Behavior\BuildLiteBehavior [ RunTime:0.000036s ]
INFO: [ app_init ] --END-- [ RunTime:0.000529s ]

[ 2016-06-21T13:49:33+08:00 ] ::1 /ThaiTravel/index.php/Home/Index/edit
INFO: [ app_init ] --START--
INFO: Run Behavior\BuildLiteBehavior [ RunTime:0.000038s ]
INFO: [ app_init ] --END-- [ RunTime:0.000526s ]

[ 2016-06-21T13:49:50+08:00 ] ::1 /ThaiTravel/index.php/Home/Story/storylist
INFO: [ app_init ] --START--
INFO: Run Behavior\BuildLiteBehavior [ RunTime:0.000038s ]
INFO: [ app_init ] --END-- [ RunTime:0.000538s ]

[ 2016-06-21T13:49:53+08:00 ] ::1 /ThaiTravel/index.php/Home/Story/storyours/id/29
INFO: [ app_init ] --START--
INFO: Run Behavior\BuildLiteBehavior [ RunTime:0.000036s ]
INFO: [ app_init ] --END-- [ RunTime:0.000517s ]

[ 2016-06-21T13:49:57+08:00 ] ::1 /ThaiTravel/index.php/Home/Index/index
INFO: [ app_init ] --START--
INFO: Run Behavior\BuildLiteBehavior [ RunTime:0.000056s ]
INFO: [ app_init ] --END-- [ RunTime:0.001195s ]

[ 2016-06-21T13:50:01+08:00 ] ::1 /ThaiTravel/index.php/Home/Index/edit
INFO: [ app_init ] --START--
INFO: Run Behavior\BuildLiteBehavior [ RunTime:0.000038s ]
INFO: [ app_init ] --END-- [ RunTime:0.000556s ]

[ 2016-06-21T13:50:23+08:00 ] ::1 /ThaiTravel/index.php/Home/Story/storylist
INFO: [ app_init ] --START--
INFO: Run Behavior\BuildLiteBehavior [ RunTime:0.000037s ]
INFO: [ app_init ] --END-- [ RunTime:0.000527s ]

[ 2016-06-21T13:50:30+08:00 ] ::1 /ThaiTravel/index.php/Home/Story/storythai
INFO: [ app_init ] --START--
INFO: Run Behavior\BuildLiteBehavior [ RunTime:0.000053s ]
INFO: [ app_init ] --END-- [ RunTime:0.000708s ]

[ 2016-06-21T13:51:26+08:00 ] ::1 /ThaiTravel/index.php/Home/Index/edit
INFO: [ app_init ] --START--
INFO: Run Behavior\BuildLiteBehavior [ RunTime:0.000035s ]
INFO: [ app_init ] --END-- [ RunTime:0.000543s ]

[ 2016-06-21T13:52:04+08:00 ] ::1 /ThaiTravel/index.php/Home/User/changepwd
INFO: [ app_init ] --START--
INFO: Run Behavior\BuildLiteBehavior [ RunTime:0.000034s ]
INFO: [ app_init ] --END-- [ RunTime:0.000512s ]

[ 2016-06-21T13:52:07+08:00 ] ::1 /ThaiTravel/index.php/Home/Index/edit.html
INFO: [ app_init ] --START--
INFO: Run Behavior\BuildLiteBehavior [ RunTime:0.000070s ]
INFO: [ app_init ] --END-- [ RunTime:0.001081s ]

[ 2016-06-21T13:52:13+08:00 ] ::1 /ThaiTravel/index.php/Home/User/changepwd
INFO: [ app_init ] --START--
INFO: Run Behavior\BuildLiteBehavior [ RunTime:0.000059s ]
INFO: [ app_init ] --END-- [ RunTime:0.000707s ]

[ 2016-06-21T13:52:14+08:00 ] ::1 /ThaiTravel/index.php/Home/Index/edit.html
INFO: [ app_init ] --START--
INFO: Run Behavior\BuildLiteBehavior [ RunTime:0.000070s ]
INFO: [ app_init ] --END-- [ RunTime:0.001237s ]

[ 2016-06-21T13:52:18+08:00 ] ::1 /ThaiTravel/index.php/Home/User/changepwd
INFO: [ app_init ] --START--
INFO: Run Behavior\BuildLiteBehavior [ RunTime:0.000036s ]
INFO: [ app_init ] --END-- [ RunTime:0.000692s ]

[ 2016-06-21T13:52:19+08:00 ] ::1 /ThaiTravel/index.php/Home/Index/edit.html
INFO: [ app_init ] --START--
INFO: Run Behavior\BuildLiteBehavior [ RunTime:0.000049s ]
INFO: [ app_init ] --END-- [ RunTime:0.000776s ]

[ 2016-06-21T13:53:09+08:00 ] ::1 /ThaiTravel/index.php/Home/User/logout
INFO: [ app_init ] --START--
INFO: Run Behavior\BuildLiteBehavior [ RunTime:0.000033s ]
INFO: [ app_init ] --END-- [ RunTime:0.000579s ]

[ 2016-06-21T13:53:09+08:00 ] ::1 /ThaiTravel/index.php/Home/Index/index.html
INFO: [ app_init ] --START--
INFO: Run Behavior\BuildLiteBehavior [ RunTime:0.000034s ]
INFO: [ app_init ] --END-- [ RunTime:0.000505s ]

[ 2016-06-21T13:54:33+08:00 ] ::1 /ThaiTravel/index.php/Home/Story/storylist
INFO: [ app_init ] --START--
INFO: Run Behavior\BuildLiteBehavior [ RunTime:0.000033s ]
INFO: [ app_init ] --END-- [ RunTime:0.000507s ]

[ 2016-06-21T13:54:34+08:00 ] ::1 /ThaiTravel/index.php/Home/Story/storyours/id/28
INFO: [ app_init ] --START--
INFO: Run Behavior\BuildLiteBehavior [ RunTime:0.000033s ]
INFO: [ app_init ] --END-- [ RunTime:0.000501s ]

[ 2016-06-21T13:54:38+08:00 ] ::1 /ThaiTravel/index.php/Home/Story/commentdelete/userid/11/commentid/16
INFO: [ app_init ] --START--
INFO: Run Behavior\BuildLiteBehavior [ RunTime:0.000033s ]
INFO: [ app_init ] --END-- [ RunTime:0.000611s ]

[ 2016-06-21T13:54:44+08:00 ] ::1 /ThaiTravel/index.php/Home/User/login
INFO: [ app_init ] --START--
INFO: Run Behavior\BuildLiteBehavior [ RunTime:0.000034s ]
INFO: [ app_init ] --END-- [ RunTime:0.000546s ]

[ 2016-06-21T13:54:49+08:00 ] ::1 /ThaiTravel/index.php/Home/Index/index
INFO: [ app_init ] --START--
INFO: Run Behavior\BuildLiteBehavior [ RunTime:0.000033s ]
INFO: [ app_init ] --END-- [ RunTime:0.000522s ]

[ 2016-06-21T13:55:06+08:00 ] ::1 /ThaiTravel/index.php/Home/Index/index
INFO: [ app_init ] --START--
INFO: Run Behavior\BuildLiteBehavior [ RunTime:0.000034s ]
INFO: [ app_init ] --END-- [ RunTime:0.000551s ]

[ 2016-06-21T13:55:13+08:00 ] ::1 /ThaiTravel/index.php/Home/Destination/desinterest
INFO: [ app_init ] --START--
INFO: Run Behavior\BuildLiteBehavior [ RunTime:0.000061s ]
INFO: [ app_init ] --END-- [ RunTime:0.000702s ]

[ 2016-06-21T13:55:23+08:00 ] ::1 /ThaiTravel/index.php/Home/Destination/despark
INFO: [ app_init ] --START--
INFO: Run Behavior\BuildLiteBehavior [ RunTime:0.000033s ]
INFO: [ app_init ] --END-- [ RunTime:0.000509s ]

[ 2016-06-21T13:55:27+08:00 ] ::1 /ThaiTravel/index.php/Home/Index/activity
INFO: [ app_init ] --START--
INFO: Run Behavior\BuildLiteBehavior [ RunTime:0.000035s ]
INFO: [ app_init ] --END-- [ RunTime:0.000547s ]

[ 2016-06-21T13:55:35+08:00 ] ::1 /ThaiTravel/index.php/Home/Story/storylist
INFO: [ app_init ] --START--
INFO: Run Behavior\BuildLiteBehavior [ RunTime:0.000034s ]
INFO: [ app_init ] --END-- [ RunTime:0.000519s ]

[ 2016-06-21T13:55:38+08:00 ] ::1 /ThaiTravel/index.php/Home/Story/storyours/id/1
INFO: [ app_init ] --START--
INFO: Run Behavior\BuildLiteBehavior [ RunTime:0.000035s ]
INFO: [ app_init ] --END-- [ RunTime:0.000544s ]

[ 2016-06-21T13:55:40+08:00 ] ::1 /ThaiTravel/index.php/Home/Route/recommendthai
INFO: [ app_init ] --START--
INFO: Run Behavior\BuildLiteBehavior [ RunTime:0.000067s ]
INFO: [ app_init ] --END-- [ RunTime:0.000900s ]

[ 2016-06-21T13:55:44+08:00 ] ::1 /ThaiTravel/index.php/Home/Story/storylist
INFO: [ app_init ] --START--
INFO: Run Behavior\BuildLiteBehavior [ RunTime:0.000033s ]
INFO: [ app_init ] --END-- [ RunTime:0.000508s ]

[ 2016-06-21T13:55:46+08:00 ] ::1 /ThaiTravel/index.php/Home/Story/storyours/id/1
INFO: [ app_init ] --START--
INFO: Run Behavior\BuildLiteBehavior [ RunTime:0.000058s ]
INFO: [ app_init ] --END-- [ RunTime:0.000947s ]

[ 2016-06-21T13:55:56+08:00 ] ::1 /ThaiTravel/index.php/Home/Story/commentadd/youjiid/1
INFO: [ app_init ] --START--
INFO: Run Behavior\BuildLiteBehavior [ RunTime:0.000062s ]
INFO: [ app_init ] --END-- [ RunTime:0.000836s ]
ERR: 1048:Column 'user_name' cannot be null
 [ SQL语句 ] : INSERT INTO `think_comment` (`user_name`,`youji_id`,`user_id`,`comment`,`youji_name`,`date`) VALUES (NULL,'1',NULL,'','泰国圆梦之旅','2016-06-21')

[ 2016-06-21T13:56:02+08:00 ] ::1 /ThaiTravel/index.php/Home/Story/commentadd/youjiid/1
INFO: [ app_init ] --START--
INFO: Run Behavior\BuildLiteBehavior [ RunTime:0.000035s ]
INFO: [ app_init ] --END-- [ RunTime:0.000534s ]
ERR: 1048:Column 'user_name' cannot be null
 [ SQL语句 ] : INSERT INTO `think_comment` (`user_name`,`youji_id`,`user_id`,`comment`,`youji_name`,`date`) VALUES (NULL,'1',NULL,'','泰国圆梦之旅','2016-06-21')

[ 2016-06-21T13:56:06+08:00 ] ::1 /ThaiTravel/index.php/Home/User/login
INFO: [ app_init ] --START--
INFO: Run Behavior\BuildLiteBehavior [ RunTime:0.000038s ]
INFO: [ app_init ] --END-- [ RunTime:0.000733s ]

[ 2016-06-21T13:56:24+08:00 ] ::1 /ThaiTravel/index.php/Home/User/login
INFO: [ app_init ] --START--
INFO: Run Behavior\BuildLiteBehavior [ RunTime:0.000033s ]
INFO: [ app_init ] --END-- [ RunTime:0.000501s ]

[ 2016-06-21T13:56:25+08:00 ] ::1 /ThaiTravel/index.php/Home/Index/index.html
INFO: [ app_init ] --START--
INFO: Run Behavior\BuildLiteBehavior [ RunTime:0.000056s ]
INFO: [ app_init ] --END-- [ RunTime:0.000790s ]

[ 2016-06-21T13:56:29+08:00 ] ::1 /ThaiTravel/index.php/Home/Index/edit
INFO: [ app_init ] --START--
INFO: Run Behavior\BuildLiteBehavior [ RunTime:0.000034s ]
INFO: [ app_init ] --END-- [ RunTime:0.000511s ]

[ 2016-06-21T13:56:50+08:00 ] ::1 /ThaiTravel/index.php/Home/Story/storythai
INFO: [ app_init ] --START--
INFO: Run Behavior\BuildLiteBehavior [ RunTime:0.000034s ]
INFO: [ app_init ] --END-- [ RunTime:0.000517s ]

[ 2016-06-21T13:57:07+08:00 ] ::1 /ThaiTravel/index.php/Home/Story/article
INFO: [ app_init ] --START--
INFO: Run Behavior\BuildLiteBehavior [ RunTime:0.000033s ]
INFO: [ app_init ] --END-- [ RunTime:0.000502s ]

[ 2016-06-21T13:57:08+08:00 ] ::1 /ThaiTravel/index.php/Home/Index/index.html
INFO: [ app_init ] --START--
INFO: Run Behavior\BuildLiteBehavior [ RunTime:0.000048s ]
INFO: [ app_init ] --END-- [ RunTime:0.000732s ]

[ 2016-06-21T13:57:10+08:00 ] ::1 /ThaiTravel/index.php/Home/Index/edit
INFO: [ app_init ] --START--
INFO: Run Behavior\BuildLiteBehavior [ RunTime:0.000045s ]
INFO: [ app_init ] --END-- [ RunTime:0.000524s ]

[ 2016-06-21T13:57:19+08:00 ] ::1 /ThaiTravel/index.php/Home/Story/storylist
INFO: [ app_init ] --START--
INFO: Run Behavior\BuildLiteBehavior [ RunTime:0.000033s ]
INFO: [ app_init ] --END-- [ RunTime:0.000526s ]

[ 2016-06-21T13:57:23+08:00 ] ::1 /ThaiTravel/index.php/Home/Index/index
INFO: [ app_init ] --START--
INFO: Run Behavior\BuildLiteBehavior [ RunTime:0.000032s ]
INFO: [ app_init ] --END-- [ RunTime:0.000505s ]

[ 2016-06-21T13:57:29+08:00 ] ::1 /ThaiTravel/index.php/Home/User/logout
INFO: [ app_init ] --START--
INFO: Run Behavior\BuildLiteBehavior [ RunTime:0.000034s ]
INFO: [ app_init ] --END-- [ RunTime:0.000533s ]

[ 2016-06-21T13:57:29+08:00 ] ::1 /ThaiTravel/index.php/Home/Index/index.html
INFO: [ app_init ] --START--
INFO: Run Behavior\BuildLiteBehavior [ RunTime:0.000034s ]
INFO: [ app_init ] --END-- [ RunTime:0.000497s ]

[ 2016-06-21T13:57:31+08:00 ] ::1 /ThaiTravel/index.php/Home/User/login
INFO: [ app_init ] --START--
INFO: Run Behavior\BuildLiteBehavior [ RunTime:0.000035s ]
INFO: [ app_init ] --END-- [ RunTime:0.000603s ]

[ 2016-06-21T13:57:32+08:00 ] ::1 /ThaiTravel/index.php/Home/User/register
INFO: [ app_init ] --START--
INFO: Run Behavior\BuildLiteBehavior [ RunTime:0.000033s ]
INFO: [ app_init ] --END-- [ RunTime:0.000525s ]

[ 2016-06-21T13:58:09+08:00 ] ::1 /ThaiTravel/index.php/Home/User/register
INFO: [ app_init ] --START--
INFO: Run Behavior\BuildLiteBehavior [ RunTime:0.000038s ]
INFO: [ app_init ] --END-- [ RunTime:0.000543s ]

[ 2016-06-21T13:58:09+08:00 ] ::1 /ThaiTravel/index.php/Home/Index/index.html
INFO: [ app_init ] --START--
INFO: Run Behavior\BuildLiteBehavior [ RunTime:0.000078s ]
INFO: [ app_init ] --END-- [ RunTime:0.001033s ]

[ 2016-06-21T13:58:12+08:00 ] ::1 /ThaiTravel/index.php/Home/User/login
INFO: [ app_init ] --START--
INFO: Run Behavior\BuildLiteBehavior [ RunTime:0.000036s ]
INFO: [ app_init ] --END-- [ RunTime:0.000534s ]

[ 2016-06-21T13:58:24+08:00 ] ::1 /ThaiTravel/index.php/Home/User/login
INFO: [ app_init ] --START--
INFO: Run Behavior\BuildLiteBehavior [ RunTime:0.000038s ]
INFO: [ app_init ] --END-- [ RunTime:0.000663s ]

[ 2016-06-21T13:58:25+08:00 ] ::1 /ThaiTravel/index.php/Home/Index/index.html
INFO: [ app_init ] --START--
INFO: Run Behavior\BuildLiteBehavior [ RunTime:0.000046s ]
INFO: [ app_init ] --END-- [ RunTime:0.000747s ]

[ 2016-06-21T13:58:26+08:00 ] ::1 /ThaiTravel/index.php/Home/Index/index.html
INFO: [ app_init ] --START--
INFO: Run Behavior\BuildLiteBehavior [ RunTime:0.000046s ]
INFO: [ app_init ] --END-- [ RunTime:0.000704s ]

[ 2016-06-21T13:58:29+08:00 ] ::1 /ThaiTravel/index.php/Home/Index/edit
INFO: [ app_init ] --START--
INFO: Run Behavior\BuildLiteBehavior [ RunTime:0.000034s ]
INFO: [ app_init ] --END-- [ RunTime:0.000523s ]

[ 2016-06-21T13:58:51+08:00 ] ::1 /ThaiTravel/index.php/Home/Index/index
INFO: [ app_init ] --START--
INFO: Run Behavior\BuildLiteBehavior [ RunTime:0.000035s ]
INFO: [ app_init ] --END-- [ RunTime:0.000543s ]

[ 2016-06-21T14:04:20+08:00 ] ::1 /ThaiTravel/index.php/Home/Index/index
INFO: [ app_init ] --START--
INFO: Run Behavior\BuildLiteBehavior [ RunTime:0.000034s ]
INFO: [ app_init ] --END-- [ RunTime:0.000512s ]

[ 2016-06-21T14:05:06+08:00 ] ::1 /ThaiTravel/index.php/Home/Destination/desinterest
INFO: [ app_init ] --START--
INFO: Run Behavior\BuildLiteBehavior [ RunTime:0.000033s ]
INFO: [ app_init ] --END-- [ RunTime:0.000504s ]

[ 2016-06-21T14:05:11+08:00 ] ::1 /ThaiTravel/index.php/Home/Destination/despark
INFO: [ app_init ] --START--
INFO: Run Behavior\BuildLiteBehavior [ RunTime:0.000032s ]
INFO: [ app_init ] --END-- [ RunTime:0.000508s ]

[ 2016-06-21T14:05:15+08:00 ] ::1 /ThaiTravel/index.php/Home/Index/activity
INFO: [ app_init ] --START--
INFO: Run Behavior\BuildLiteBehavior [ RunTime:0.000036s ]
INFO: [ app_init ] --END-- [ RunTime:0.000553s ]

[ 2016-06-21T14:05:44+08:00 ] ::1 /ThaiTravel/index.php/Home/User/logout
INFO: [ app_init ] --START--
INFO: Run Behavior\BuildLiteBehavior [ RunTime:0.000033s ]
INFO: [ app_init ] --END-- [ RunTime:0.000511s ]

[ 2016-06-21T14:05:44+08:00 ] ::1 /ThaiTravel/index.php/Home/Index/index.html
INFO: [ app_init ] --START--
INFO: Run Behavior\BuildLiteBehavior [ RunTime:0.000059s ]
INFO: [ app_init ] --END-- [ RunTime:0.000660s ]

[ 2016-06-21T14:06:20+08:00 ] ::1 /ThaiTravel/index.php/Home/Index/activity
INFO: [ app_init ] --START--
INFO: Run Behavior\BuildLiteBehavior [ RunTime:0.000060s ]
INFO: [ app_init ] --END-- [ RunTime:0.000753s ]

[ 2016-06-21T14:06:52+08:00 ] ::1 /ThaiTravel/index.php/Home/Index/activity
INFO: [ app_init ] --START--
INFO: Run Behavior\BuildLiteBehavior [ RunTime:0.000057s ]
INFO: [ app_init ] --END-- [ RunTime:0.000699s ]

[ 2016-06-21T14:06:54+08:00 ] ::1 /ThaiTravel/index.php/Home/Index/activity
INFO: [ app_init ] --START--
INFO: Run Behavior\BuildLiteBehavior [ RunTime:0.000065s ]
INFO: [ app_init ] --END-- [ RunTime:0.000869s ]

[ 2016-06-21T14:08:47+08:00 ] ::1 /ThaiTravel/index.php/Home/Index/activity
INFO: [ app_init ] --START--
INFO: Run Behavior\BuildLiteBehavior [ RunTime:0.000036s ]
INFO: [ app_init ] --END-- [ RunTime:0.000575s ]

[ 2016-06-21T14:09:34+08:00 ] ::1 /ThaiTravel/index.php/Home/Index/activity
INFO: [ app_init ] --START--
INFO: Run Behavior\BuildLiteBehavior [ RunTime:0.000033s ]
INFO: [ app_init ] --END-- [ RunTime:0.000501s ]

[ 2016-06-21T14:12:21+08:00 ] ::1 /ThaiTravel/index.php/Home/Index/index
INFO: [ app_init ] --START--
INFO: Run Behavior\BuildLiteBehavior [ RunTime:0.000034s ]
INFO: [ app_init ] --END-- [ RunTime:0.000519s ]

[ 2016-06-21T14:17:49+08:00 ] ::1 /ThaiTravel/index.php/Home/Index/index
INFO: [ app_init ] --START--
INFO: Run Behavior\BuildLiteBehavior [ RunTime:0.000033s ]
INFO: [ app_init ] --END-- [ RunTime:0.000527s ]

[ 2016-06-21T14:18:15+08:00 ] ::1 /ThaiTravel/index.php/Home/Destination/desinterest
INFO: [ app_init ] --START--
INFO: Run Behavior\BuildLiteBehavior [ RunTime:0.000036s ]
INFO: [ app_init ] --END-- [ RunTime:0.000540s ]

[ 2016-06-21T14:18:31+08:00 ] ::1 /ThaiTravel/index.php/Home/Destination/despark
INFO: [ app_init ] --START--
INFO: Run Behavior\BuildLiteBehavior [ RunTime:0.000038s ]
INFO: [ app_init ] --END-- [ RunTime:0.000532s ]

[ 2016-06-21T14:18:34+08:00 ] ::1 /ThaiTravel/index.php/Home/Index/activity
INFO: [ app_init ] --START--
INFO: Run Behavior\BuildLiteBehavior [ RunTime:0.000048s ]
INFO: [ app_init ] --END-- [ RunTime:0.000598s ]

[ 2016-06-21T14:18:39+08:00 ] ::1 /ThaiTravel/index.php/Home/Story/storylist
INFO: [ app_init ] --START--
INFO: Run Behavior\BuildLiteBehavior [ RunTime:0.000051s ]
INFO: [ app_init ] --END-- [ RunTime:0.000734s ]

[ 2016-06-21T14:18:42+08:00 ] ::1 /ThaiTravel/index.php/Home/Story/storyours/id/1
INFO: [ app_init ] --START--
INFO: Run Behavior\BuildLiteBehavior [ RunTime:0.000036s ]
INFO: [ app_init ] --END-- [ RunTime:0.000536s ]

[ 2016-06-21T14:18:49+08:00 ] ::1 /ThaiTravel/index.php/Home/Story/commentdelete/userid/21/commentid/12
INFO: [ app_init ] --START--
INFO: Run Behavior\BuildLiteBehavior [ RunTime:0.000036s ]
INFO: [ app_init ] --END-- [ RunTime:0.000527s ]

[ 2016-06-21T14:18:57+08:00 ] ::1 /ThaiTravel/index.php/Home/Route/recommendthai
INFO: [ app_init ] --START--
INFO: Run Behavior\BuildLiteBehavior [ RunTime:0.000034s ]
INFO: [ app_init ] --END-- [ RunTime:0.000531s ]

[ 2016-06-21T14:19:05+08:00 ] ::1 /ThaiTravel/index.php/Home/User/login
INFO: [ app_init ] --START--
INFO: Run Behavior\BuildLiteBehavior [ RunTime:0.000070s ]
INFO: [ app_init ] --END-- [ RunTime:0.000751s ]

[ 2016-06-21T14:19:10+08:00 ] ::1 /ThaiTravel/index.php/Home/User/register
INFO: [ app_init ] --START--
INFO: Run Behavior\BuildLiteBehavior [ RunTime:0.000035s ]
INFO: [ app_init ] --END-- [ RunTime:0.000556s ]

[ 2016-06-21T14:19:34+08:00 ] ::1 /ThaiTravel/index.php/Home/User/register
INFO: [ app_init ] --START--
INFO: Run Behavior\BuildLiteBehavior [ RunTime:0.000067s ]
INFO: [ app_init ] --END-- [ RunTime:0.000776s ]

[ 2016-06-21T14:19:34+08:00 ] ::1 /ThaiTravel/index.php/Home/Index/index.html
INFO: [ app_init ] --START--
INFO: Run Behavior\BuildLiteBehavior [ RunTime:0.000199s ]
INFO: [ app_init ] --END-- [ RunTime:0.002390s ]

[ 2016-06-21T14:19:37+08:00 ] ::1 /ThaiTravel/index.php/Home/User/login
INFO: [ app_init ] --START--
INFO: Run Behavior\BuildLiteBehavior [ RunTime:0.000056s ]
INFO: [ app_init ] --END-- [ RunTime:0.000703s ]

[ 2016-06-21T14:19:48+08:00 ] ::1 /ThaiTravel/index.php/Home/User/login
INFO: [ app_init ] --START--
INFO: Run Behavior\BuildLiteBehavior [ RunTime:0.000035s ]
INFO: [ app_init ] --END-- [ RunTime:0.000515s ]

[ 2016-06-21T14:19:49+08:00 ] ::1 /ThaiTravel/index.php/Home/Index/index.html
INFO: [ app_init ] --START--
INFO: Run Behavior\BuildLiteBehavior [ RunTime:0.000072s ]
INFO: [ app_init ] --END-- [ RunTime:0.001152s ]

[ 2016-06-21T14:19:51+08:00 ] ::1 /ThaiTravel/index.php/Home/Index/edit
INFO: [ app_init ] --START--
INFO: Run Behavior\BuildLiteBehavior [ RunTime:0.000068s ]
INFO: [ app_init ] --END-- [ RunTime:0.000978s ]

[ 2016-06-21T14:20:16+08:00 ] ::1 /ThaiTravel/index.php/Home/Story/storythai
INFO: [ app_init ] --START--
INFO: Run Behavior\BuildLiteBehavior [ RunTime:0.000033s ]
INFO: [ app_init ] --END-- [ RunTime:0.000503s ]

[ 2016-06-21T14:20:29+08:00 ] ::1 /ThaiTravel/index.php/Home/Story/article
INFO: [ app_init ] --START--
INFO: Run Behavior\BuildLiteBehavior [ RunTime:0.000034s ]
INFO: [ app_init ] --END-- [ RunTime:0.000516s ]

[ 2016-06-21T14:20:30+08:00 ] ::1 /ThaiTravel/index.php/Home/Index/index.html
INFO: [ app_init ] --START--
INFO: Run Behavior\BuildLiteBehavior [ RunTime:0.000073s ]
INFO: [ app_init ] --END-- [ RunTime:0.001135s ]

[ 2016-06-21T14:20:33+08:00 ] ::1 /ThaiTravel/index.php/Home/Index/edit
INFO: [ app_init ] --START--
INFO: Run Behavior\BuildLiteBehavior [ RunTime:0.000033s ]
INFO: [ app_init ] --END-- [ RunTime:0.000520s ]

[ 2016-06-21T14:20:37+08:00 ] ::1 /ThaiTravel/index.php/Home/Story/storyours/id/31
INFO: [ app_init ] --START--
INFO: Run Behavior\BuildLiteBehavior [ RunTime:0.000034s ]
INFO: [ app_init ] --END-- [ RunTime:0.000516s ]

[ 2016-06-21T14:20:47+08:00 ] ::1 /ThaiTravel/index.php/Home/Story/storythai
INFO: [ app_init ] --START--
INFO: Run Behavior\BuildLiteBehavior [ RunTime:0.000036s ]
INFO: [ app_init ] --END-- [ RunTime:0.000539s ]

[ 2016-06-21T14:20:49+08:00 ] ::1 /ThaiTravel/index.php/Home/Story/storylist
INFO: [ app_init ] --START--
INFO: Run Behavior\BuildLiteBehavior [ RunTime:0.000035s ]
INFO: [ app_init ] --END-- [ RunTime:0.000518s ]

[ 2016-06-21T14:20:54+08:00 ] ::1 /ThaiTravel/index.php/Home/Story/storyours/id/31
INFO: [ app_init ] --START--
INFO: Run Behavior\BuildLiteBehavior [ RunTime:0.000033s ]
INFO: [ app_init ] --END-- [ RunTime:0.000510s ]

[ 2016-06-21T14:21:03+08:00 ] ::1 /ThaiTravel/index.php/Home/Index/activity
INFO: [ app_init ] --START--
INFO: Run Behavior\BuildLiteBehavior [ RunTime:0.000033s ]
INFO: [ app_init ] --END-- [ RunTime:0.000637s ]

[ 2016-06-21T14:21:05+08:00 ] ::1 /ThaiTravel/index.php/Home/Index/index
INFO: [ app_init ] --START--
INFO: Run Behavior\BuildLiteBehavior [ RunTime:0.000034s ]
INFO: [ app_init ] --END-- [ RunTime:0.000521s ]

[ 2016-06-21T14:21:07+08:00 ] ::1 /ThaiTravel/index.php/Home/Index/edit
INFO: [ app_init ] --START--
INFO: Run Behavior\BuildLiteBehavior [ RunTime:0.000035s ]
INFO: [ app_init ] --END-- [ RunTime:0.000532s ]

[ 2016-06-21T14:21:19+08:00 ] ::1 /ThaiTravel/index.php/Home/Story/storyours
INFO: [ app_init ] --START--
INFO: Run Behavior\BuildLiteBehavior [ RunTime:0.000177s ]
INFO: [ app_init ] --END-- [ RunTime:0.001869s ]

[ 2016-06-21T14:21:22+08:00 ] ::1 /ThaiTravel/index.php/Home/Story/storylist
INFO: [ app_init ] --START--
INFO: Run Behavior\BuildLiteBehavior [ RunTime:0.000035s ]
INFO: [ app_init ] --END-- [ RunTime:0.000522s ]

[ 2016-06-21T14:21:24+08:00 ] ::1 /ThaiTravel/index.php/Home/Story/storyours/id/1
INFO: [ app_init ] --START--
INFO: Run Behavior\BuildLiteBehavior [ RunTime:0.000040s ]
INFO: [ app_init ] --END-- [ RunTime:0.000933s ]

[ 2016-06-21T14:21:28+08:00 ] ::1 /ThaiTravel/index.php/Home/Story/commentadd/youjiid/1
INFO: [ app_init ] --START--
INFO: Run Behavior\BuildLiteBehavior [ RunTime:0.000034s ]
INFO: [ app_init ] --END-- [ RunTime:0.000510s ]

[ 2016-06-21T14:21:29+08:00 ] ::1 /ThaiTravel/index.php/Home/Story/storyours/id/1.html
INFO: [ app_init ] --START--
INFO: Run Behavior\BuildLiteBehavior [ RunTime:0.000069s ]
INFO: [ app_init ] --END-- [ RunTime:0.001098s ]

[ 2016-06-21T14:21:40+08:00 ] ::1 /ThaiTravel/index.php/Home/Index/edit
INFO: [ app_init ] --START--
INFO: Run Behavior\BuildLiteBehavior [ RunTime:0.000035s ]
INFO: [ app_init ] --END-- [ RunTime:0.000534s ]

[ 2016-06-21T14:22:43+08:00 ] ::1 /ThaiTravel/index.php/Home/Story/storyours
INFO: [ app_init ] --START--
INFO: Run Behavior\BuildLiteBehavior [ RunTime:0.000032s ]
INFO: [ app_init ] --END-- [ RunTime:0.000524s ]

[ 2016-06-21T14:22:46+08:00 ] ::1 /ThaiTravel/index.php/Home/Story/storylist
INFO: [ app_init ] --START--
INFO: Run Behavior\BuildLiteBehavior [ RunTime:0.000035s ]
INFO: [ app_init ] --END-- [ RunTime:0.000537s ]

[ 2016-06-21T14:22:57+08:00 ] ::1 /ThaiTravel/index.php/Home/Story/storylist
INFO: [ app_init ] --START--
INFO: Run Behavior\BuildLiteBehavior [ RunTime:0.000043s ]
INFO: [ app_init ] --END-- [ RunTime:0.000535s ]

[ 2016-06-21T14:23:12+08:00 ] ::1 /ThaiTravel/index.php/Home/Index/activity
INFO: [ app_init ] --START--
INFO: Run Behavior\BuildLiteBehavior [ RunTime:0.000036s ]
INFO: [ app_init ] --END-- [ RunTime:0.000556s ]

[ 2016-06-21T14:23:21+08:00 ] ::1 /ThaiTravel/index.php/Home/Destination/desinterest
INFO: [ app_init ] --START--
INFO: Run Behavior\BuildLiteBehavior [ RunTime:0.000032s ]
INFO: [ app_init ] --END-- [ RunTime:0.000516s ]

[ 2016-06-21T14:23:39+08:00 ] ::1 /ThaiTravel/index.php/Home/Destination/despark
INFO: [ app_init ] --START--
INFO: Run Behavior\BuildLiteBehavior [ RunTime:0.000034s ]
INFO: [ app_init ] --END-- [ RunTime:0.000524s ]

[ 2016-06-21T14:24:02+08:00 ] ::1 /ThaiTravel/index.php/Home/Destination/despark
INFO: [ app_init ] --START--
INFO: Run Behavior\BuildLiteBehavior [ RunTime:0.000035s ]
INFO: [ app_init ] --END-- [ RunTime:0.000549s ]

[ 2016-06-21T14:24:14+08:00 ] ::1 /ThaiTravel/index.php/Home/Destination/despark
INFO: [ app_init ] --START--
INFO: Run Behavior\BuildLiteBehavior [ RunTime:0.000033s ]
INFO: [ app_init ] --END-- [ RunTime:0.000515s ]

[ 2016-06-21T14:24:23+08:00 ] ::1 /ThaiTravel/index.php/Home/Destination/despark
INFO: [ app_init ] --START--
INFO: Run Behavior\BuildLiteBehavior [ RunTime:0.000035s ]
INFO: [ app_init ] --END-- [ RunTime:0.000521s ]

[ 2016-06-21T14:24:43+08:00 ] ::1 /ThaiTravel/index.php/Home/Route/recommendthai
INFO: [ app_init ] --START--
INFO: Run Behavior\BuildLiteBehavior [ RunTime:0.000034s ]
INFO: [ app_init ] --END-- [ RunTime:0.000512s ]

[ 2016-06-21T14:24:55+08:00 ] ::1 /ThaiTravel/index.php/Home/Index/activity
INFO: [ app_init ] --START--
INFO: Run Behavior\BuildLiteBehavior [ RunTime:0.000035s ]
INFO: [ app_init ] --END-- [ RunTime:0.000520s ]

